[debug] [2024-11-25T15:54:36.378Z] ----------------------------------------------------------------------
[debug] [2024-11-25T15:54:36.381Z] Command:       C:\Program Files\nodejs\node.exe C:\Users\lucas\AppData\Roaming\npm\node_modules\firebase-tools\lib\bin\firebase.js deploy --only functions
[debug] [2024-11-25T15:54:36.381Z] CLI Version:   13.27.0
[debug] [2024-11-25T15:54:36.382Z] Platform:      win32
[debug] [2024-11-25T15:54:36.382Z] Node Version:  v20.18.0
[debug] [2024-11-25T15:54:36.382Z] Time:          Mon Nov 25 2024 17:54:36 GMT+0200 (Eastern European Standard Time)
[debug] [2024-11-25T15:54:36.382Z] ----------------------------------------------------------------------
[debug] 
[debug] [2024-11-25T15:54:36.465Z] > command requires scopes: ["email","openid","https://www.googleapis.com/auth/cloudplatformprojects.readonly","https://www.googleapis.com/auth/firebase","https://www.googleapis.com/auth/cloud-platform"]
[debug] [2024-11-25T15:54:36.466Z] > authorizing via signed-in user (lucas11091109@gmail.com)
[debug] [2024-11-25T15:54:36.466Z] [iam] checking project teamfinderapp-c3952 for permissions ["cloudfunctions.functions.create","cloudfunctions.functions.delete","cloudfunctions.functions.get","cloudfunctions.functions.list","cloudfunctions.functions.update","cloudfunctions.operations.get","firebase.projects.get"]
[debug] [2024-11-25T15:54:36.467Z] Checked if tokens are valid: true, expires at: 1732553379836
[debug] [2024-11-25T15:54:36.467Z] Checked if tokens are valid: true, expires at: 1732553379836
[debug] [2024-11-25T15:54:36.469Z] >>> [apiv2][query] POST https://cloudresourcemanager.googleapis.com/v1/projects/teamfinderapp-c3952:testIamPermissions [none]
[debug] [2024-11-25T15:54:36.469Z] >>> [apiv2][(partial)header] POST https://cloudresourcemanager.googleapis.com/v1/projects/teamfinderapp-c3952:testIamPermissions x-goog-quota-user=projects/teamfinderapp-c3952
[debug] [2024-11-25T15:54:36.469Z] >>> [apiv2][body] POST https://cloudresourcemanager.googleapis.com/v1/projects/teamfinderapp-c3952:testIamPermissions {"permissions":["cloudfunctions.functions.create","cloudfunctions.functions.delete","cloudfunctions.functions.get","cloudfunctions.functions.list","cloudfunctions.functions.update","cloudfunctions.operations.get","firebase.projects.get"]}
[debug] [2024-11-25T15:54:36.723Z] <<< [apiv2][status] POST https://cloudresourcemanager.googleapis.com/v1/projects/teamfinderapp-c3952:testIamPermissions 200
[debug] [2024-11-25T15:54:36.723Z] <<< [apiv2][body] POST https://cloudresourcemanager.googleapis.com/v1/projects/teamfinderapp-c3952:testIamPermissions {"permissions":["cloudfunctions.functions.create","cloudfunctions.functions.delete","cloudfunctions.functions.get","cloudfunctions.functions.list","cloudfunctions.functions.update","cloudfunctions.operations.get","firebase.projects.get"]}
[debug] [2024-11-25T15:54:36.724Z] Checked if tokens are valid: true, expires at: 1732553379836
[debug] [2024-11-25T15:54:36.724Z] Checked if tokens are valid: true, expires at: 1732553379836
[debug] [2024-11-25T15:54:36.724Z] >>> [apiv2][query] POST https://iam.googleapis.com/v1/projects/teamfinderapp-c3952/serviceAccounts/teamfinderapp-c3952@appspot.gserviceaccount.com:testIamPermissions [none]
[debug] [2024-11-25T15:54:36.724Z] >>> [apiv2][body] POST https://iam.googleapis.com/v1/projects/teamfinderapp-c3952/serviceAccounts/teamfinderapp-c3952@appspot.gserviceaccount.com:testIamPermissions {"permissions":["iam.serviceAccounts.actAs"]}
[debug] [2024-11-25T15:54:37.490Z] <<< [apiv2][status] POST https://iam.googleapis.com/v1/projects/teamfinderapp-c3952/serviceAccounts/teamfinderapp-c3952@appspot.gserviceaccount.com:testIamPermissions 200
[debug] [2024-11-25T15:54:37.490Z] <<< [apiv2][body] POST https://iam.googleapis.com/v1/projects/teamfinderapp-c3952/serviceAccounts/teamfinderapp-c3952@appspot.gserviceaccount.com:testIamPermissions {"permissions":["iam.serviceAccounts.actAs"]}
[info] 
[info] === Deploying to 'teamfinderapp-c3952'...
[info] 
[info] i  deploying functions 
[info] Running command: npm --prefix "$RESOURCE_DIR" run lint
[info] Running command: npm --prefix "$RESOURCE_DIR" run build
[info] +  functions: Finished running predeploy script. 
[debug] [2024-11-25T15:54:44.199Z] Checked if tokens are valid: true, expires at: 1732553379836
[debug] [2024-11-25T15:54:44.199Z] Checked if tokens are valid: true, expires at: 1732553379836
[debug] [2024-11-25T15:54:44.199Z] >>> [apiv2][query] GET https://cloudresourcemanager.googleapis.com/v1/projects/teamfinderapp-c3952 [none]
[debug] [2024-11-25T15:54:45.005Z] <<< [apiv2][status] GET https://cloudresourcemanager.googleapis.com/v1/projects/teamfinderapp-c3952 200
[debug] [2024-11-25T15:54:45.005Z] <<< [apiv2][body] GET https://cloudresourcemanager.googleapis.com/v1/projects/teamfinderapp-c3952 {"projectNumber":"366153511697","projectId":"teamfinderapp-c3952","lifecycleState":"ACTIVE","name":"TeamFinderApp","labels":{"firebase":"enabled"},"createTime":"2024-10-28T14:37:09.476899Z"}
[info] i  functions: preparing codebase default for deployment 
[info] i  functions: ensuring required API cloudfunctions.googleapis.com is enabled... 
[debug] [2024-11-25T15:54:45.007Z] Checked if tokens are valid: true, expires at: 1732553379836
[debug] [2024-11-25T15:54:45.007Z] Checked if tokens are valid: true, expires at: 1732553379836
[debug] [2024-11-25T15:54:45.007Z] Checked if tokens are valid: true, expires at: 1732553379836
[debug] [2024-11-25T15:54:45.007Z] Checked if tokens are valid: true, expires at: 1732553379836
[info] i  functions: ensuring required API cloudbuild.googleapis.com is enabled... 
[debug] [2024-11-25T15:54:45.008Z] Checked if tokens are valid: true, expires at: 1732553379836
[debug] [2024-11-25T15:54:45.008Z] Checked if tokens are valid: true, expires at: 1732553379836
[info] i  artifactregistry: ensuring required API artifactregistry.googleapis.com is enabled... 
[debug] [2024-11-25T15:54:45.008Z] Checked if tokens are valid: true, expires at: 1732553379836
[debug] [2024-11-25T15:54:45.008Z] Checked if tokens are valid: true, expires at: 1732553379836
[debug] [2024-11-25T15:54:45.008Z] >>> [apiv2][query] GET https://serviceusage.googleapis.com/v1/projects/teamfinderapp-c3952/services/cloudfunctions.googleapis.com [none]
[debug] [2024-11-25T15:54:45.008Z] >>> [apiv2][(partial)header] GET https://serviceusage.googleapis.com/v1/projects/teamfinderapp-c3952/services/cloudfunctions.googleapis.com x-goog-quota-user=projects/teamfinderapp-c3952
[debug] [2024-11-25T15:54:45.010Z] >>> [apiv2][query] GET https://serviceusage.googleapis.com/v1/projects/teamfinderapp-c3952/services/runtimeconfig.googleapis.com [none]
[debug] [2024-11-25T15:54:45.010Z] >>> [apiv2][(partial)header] GET https://serviceusage.googleapis.com/v1/projects/teamfinderapp-c3952/services/runtimeconfig.googleapis.com x-goog-quota-user=projects/teamfinderapp-c3952
[debug] [2024-11-25T15:54:45.011Z] >>> [apiv2][query] GET https://serviceusage.googleapis.com/v1/projects/teamfinderapp-c3952/services/cloudbuild.googleapis.com [none]
[debug] [2024-11-25T15:54:45.011Z] >>> [apiv2][(partial)header] GET https://serviceusage.googleapis.com/v1/projects/teamfinderapp-c3952/services/cloudbuild.googleapis.com x-goog-quota-user=projects/teamfinderapp-c3952
[debug] [2024-11-25T15:54:45.012Z] >>> [apiv2][query] GET https://serviceusage.googleapis.com/v1/projects/teamfinderapp-c3952/services/artifactregistry.googleapis.com [none]
[debug] [2024-11-25T15:54:45.012Z] >>> [apiv2][(partial)header] GET https://serviceusage.googleapis.com/v1/projects/teamfinderapp-c3952/services/artifactregistry.googleapis.com x-goog-quota-user=projects/teamfinderapp-c3952
[debug] [2024-11-25T15:54:45.929Z] <<< [apiv2][status] GET https://serviceusage.googleapis.com/v1/projects/teamfinderapp-c3952/services/cloudbuild.googleapis.com 200
[debug] [2024-11-25T15:54:45.929Z] <<< [apiv2][body] GET https://serviceusage.googleapis.com/v1/projects/teamfinderapp-c3952/services/cloudbuild.googleapis.com [omitted]
[info] +  functions: required API cloudbuild.googleapis.com is enabled 
[debug] [2024-11-25T15:54:45.937Z] <<< [apiv2][status] GET https://serviceusage.googleapis.com/v1/projects/teamfinderapp-c3952/services/runtimeconfig.googleapis.com 200
[debug] [2024-11-25T15:54:45.937Z] <<< [apiv2][body] GET https://serviceusage.googleapis.com/v1/projects/teamfinderapp-c3952/services/runtimeconfig.googleapis.com [omitted]
[debug] [2024-11-25T15:54:45.945Z] <<< [apiv2][status] GET https://serviceusage.googleapis.com/v1/projects/teamfinderapp-c3952/services/artifactregistry.googleapis.com 200
[debug] [2024-11-25T15:54:45.945Z] <<< [apiv2][body] GET https://serviceusage.googleapis.com/v1/projects/teamfinderapp-c3952/services/artifactregistry.googleapis.com [omitted]
[info] +  artifactregistry: required API artifactregistry.googleapis.com is enabled 
[debug] [2024-11-25T15:54:45.982Z] <<< [apiv2][status] GET https://serviceusage.googleapis.com/v1/projects/teamfinderapp-c3952/services/cloudfunctions.googleapis.com 200
[debug] [2024-11-25T15:54:45.982Z] <<< [apiv2][body] GET https://serviceusage.googleapis.com/v1/projects/teamfinderapp-c3952/services/cloudfunctions.googleapis.com [omitted]
[info] +  functions: required API cloudfunctions.googleapis.com is enabled 
[debug] [2024-11-25T15:54:45.983Z] Checked if tokens are valid: true, expires at: 1732553379836
[debug] [2024-11-25T15:54:45.983Z] Checked if tokens are valid: true, expires at: 1732553379836
[debug] [2024-11-25T15:54:45.983Z] >>> [apiv2][query] GET https://firebase.googleapis.com/v1beta1/projects/teamfinderapp-c3952/adminSdkConfig [none]
[debug] [2024-11-25T15:54:46.376Z] <<< [apiv2][status] GET https://firebase.googleapis.com/v1beta1/projects/teamfinderapp-c3952/adminSdkConfig 200
[debug] [2024-11-25T15:54:46.377Z] <<< [apiv2][body] GET https://firebase.googleapis.com/v1beta1/projects/teamfinderapp-c3952/adminSdkConfig {"projectId":"teamfinderapp-c3952","storageBucket":"teamfinderapp-c3952.firebasestorage.app"}
[debug] [2024-11-25T15:54:46.377Z] Checked if tokens are valid: true, expires at: 1732553379836
[debug] [2024-11-25T15:54:46.377Z] Checked if tokens are valid: true, expires at: 1732553379836
[debug] [2024-11-25T15:54:46.377Z] >>> [apiv2][query] GET https://runtimeconfig.googleapis.com/v1beta1/projects/teamfinderapp-c3952/configs [none]
[debug] [2024-11-25T15:54:46.745Z] <<< [apiv2][status] GET https://runtimeconfig.googleapis.com/v1beta1/projects/teamfinderapp-c3952/configs 200
[debug] [2024-11-25T15:54:46.745Z] <<< [apiv2][body] GET https://runtimeconfig.googleapis.com/v1beta1/projects/teamfinderapp-c3952/configs {}
[debug] [2024-11-25T15:54:46.747Z] Validating nodejs source
[debug] [2024-11-25T15:54:47.778Z] > [functions] package.json contents: {
  "name": "functions",
  "scripts": {
    "lint": "eslint --ext .js,.ts .",
    "build": "tsc",
    "build:watch": "tsc --watch",
    "serve": "npm run build && firebase emulators:start --only functions",
    "shell": "npm run build && firebase functions:shell",
    "start": "npm run shell",
    "deploy": "firebase deploy --only functions",
    "logs": "firebase functions:log"
  },
  "engines": {
    "node": "18"
  },
  "main": "lib/index.js",
  "dependencies": {
    "firebase-admin": "^12.6.0",
    "firebase-functions": "^6.0.1"
  },
  "devDependencies": {
    "eslint": "^8.9.0",
    "eslint-config-google": "^0.14.0",
    "eslint-plugin-import": "^2.25.4",
    "firebase-functions-test": "^3.1.0"
  },
  "private": true
}
[debug] [2024-11-25T15:54:47.778Z] Building nodejs source
[info] i  functions: Loading and analyzing source code for codebase default to determine what to deploy 
[debug] [2024-11-25T15:54:47.780Z] Could not find functions.yaml. Must use http discovery
[debug] [2024-11-25T15:54:47.790Z] Found firebase-functions binary at 'C:\Users\lucas\VisualStudios\LookingForGames\functions\node_modules\.bin\firebase-functions'
[info] Serving at port 8250

[debug] [2024-11-25T15:54:48.525Z] Got response from /__/functions.yaml {"endpoints":{"linkRiotAccount":{"availableMemoryMb":null,"timeoutSeconds":null,"minInstances":null,"maxInstances":null,"ingressSettings":null,"concurrency":null,"serviceAccountEmail":null,"vpc":null,"platform":"gcfv2","labels":{},"callableTrigger":{},"entryPoint":"linkRiotAccount"}},"specVersion":"v1alpha1","requiredAPIs":[],"extensions":{}}
[info] i  extensions: ensuring required API firebaseextensions.googleapis.com is enabled... 
[debug] [2024-11-25T15:54:52.558Z] Checked if tokens are valid: true, expires at: 1732553379836
[debug] [2024-11-25T15:54:52.559Z] Checked if tokens are valid: true, expires at: 1732553379836
[debug] [2024-11-25T15:54:52.559Z] >>> [apiv2][query] GET https://serviceusage.googleapis.com/v1/projects/teamfinderapp-c3952/services/firebaseextensions.googleapis.com [none]
[debug] [2024-11-25T15:54:52.559Z] >>> [apiv2][(partial)header] GET https://serviceusage.googleapis.com/v1/projects/teamfinderapp-c3952/services/firebaseextensions.googleapis.com x-goog-quota-user=projects/teamfinderapp-c3952
[debug] [2024-11-25T15:54:53.516Z] <<< [apiv2][status] GET https://serviceusage.googleapis.com/v1/projects/teamfinderapp-c3952/services/firebaseextensions.googleapis.com 200
[debug] [2024-11-25T15:54:53.516Z] <<< [apiv2][body] GET https://serviceusage.googleapis.com/v1/projects/teamfinderapp-c3952/services/firebaseextensions.googleapis.com [omitted]
[info] +  extensions: required API firebaseextensions.googleapis.com is enabled 
[debug] [2024-11-25T15:54:53.517Z] > command requires scopes: ["email","openid","https://www.googleapis.com/auth/cloudplatformprojects.readonly","https://www.googleapis.com/auth/firebase","https://www.googleapis.com/auth/cloud-platform"]
[debug] [2024-11-25T15:54:53.517Z] > authorizing via signed-in user (lucas11091109@gmail.com)
[debug] [2024-11-25T15:54:53.517Z] [iam] checking project teamfinderapp-c3952 for permissions ["firebase.projects.get","firebaseextensions.instances.list"]
[debug] [2024-11-25T15:54:53.517Z] Checked if tokens are valid: true, expires at: 1732553379836
[debug] [2024-11-25T15:54:53.517Z] Checked if tokens are valid: true, expires at: 1732553379836
[debug] [2024-11-25T15:54:53.517Z] >>> [apiv2][query] POST https://cloudresourcemanager.googleapis.com/v1/projects/teamfinderapp-c3952:testIamPermissions [none]
[debug] [2024-11-25T15:54:53.517Z] >>> [apiv2][(partial)header] POST https://cloudresourcemanager.googleapis.com/v1/projects/teamfinderapp-c3952:testIamPermissions x-goog-quota-user=projects/teamfinderapp-c3952
[debug] [2024-11-25T15:54:53.517Z] >>> [apiv2][body] POST https://cloudresourcemanager.googleapis.com/v1/projects/teamfinderapp-c3952:testIamPermissions {"permissions":["firebase.projects.get","firebaseextensions.instances.list"]}
[debug] [2024-11-25T15:54:54.277Z] <<< [apiv2][status] POST https://cloudresourcemanager.googleapis.com/v1/projects/teamfinderapp-c3952:testIamPermissions 200
[debug] [2024-11-25T15:54:54.277Z] <<< [apiv2][body] POST https://cloudresourcemanager.googleapis.com/v1/projects/teamfinderapp-c3952:testIamPermissions {"permissions":["firebase.projects.get","firebaseextensions.instances.list"]}
[debug] [2024-11-25T15:54:54.277Z] Checked if tokens are valid: true, expires at: 1732553379836
[debug] [2024-11-25T15:54:54.277Z] Checked if tokens are valid: true, expires at: 1732553379836
[debug] [2024-11-25T15:54:54.278Z] >>> [apiv2][query] GET https://firebaseextensions.googleapis.com/v1beta/projects/teamfinderapp-c3952/instances pageSize=100&pageToken=
[debug] [2024-11-25T15:54:55.157Z] <<< [apiv2][status] GET https://firebaseextensions.googleapis.com/v1beta/projects/teamfinderapp-c3952/instances 200
[debug] [2024-11-25T15:54:55.157Z] <<< [apiv2][body] GET https://firebaseextensions.googleapis.com/v1beta/projects/teamfinderapp-c3952/instances {}
[info] i  functions: preparing functions directory for uploading... 
[info] i  functions: packaged C:\Users\lucas\VisualStudios\LookingForGames\functions (86.52 KB) for uploading 
[debug] [2024-11-25T15:54:55.201Z] Checked if tokens are valid: true, expires at: 1732553379836
[debug] [2024-11-25T15:54:55.201Z] Checked if tokens are valid: true, expires at: 1732553379836
[debug] [2024-11-25T15:54:55.201Z] >>> [apiv2][query] GET https://cloudfunctions.googleapis.com/v1/projects/teamfinderapp-c3952/locations/-/functions [none]
[debug] [2024-11-25T15:54:55.813Z] <<< [apiv2][status] GET https://cloudfunctions.googleapis.com/v1/projects/teamfinderapp-c3952/locations/-/functions 200
[debug] [2024-11-25T15:54:55.813Z] <<< [apiv2][body] GET https://cloudfunctions.googleapis.com/v1/projects/teamfinderapp-c3952/locations/-/functions {}
[debug] [2024-11-25T15:54:55.813Z] Checked if tokens are valid: true, expires at: 1732553379836
[debug] [2024-11-25T15:54:55.813Z] Checked if tokens are valid: true, expires at: 1732553379836
[debug] [2024-11-25T15:54:55.813Z] >>> [apiv2][query] GET https://cloudfunctions.googleapis.com/v2/projects/teamfinderapp-c3952/locations/-/functions filter=environment%3D%22GEN_2%22
[debug] [2024-11-25T15:54:56.765Z] <<< [apiv2][status] GET https://cloudfunctions.googleapis.com/v2/projects/teamfinderapp-c3952/locations/-/functions 200
[debug] [2024-11-25T15:54:56.765Z] <<< [apiv2][body] GET https://cloudfunctions.googleapis.com/v2/projects/teamfinderapp-c3952/locations/-/functions {"functions":[{"name":"projects/teamfinderapp-c3952/locations/us-central1/functions/linkRiotAccount","buildConfig":{"build":"projects/366153511697/locations/us-central1/builds/e6110b4a-2d0d-4c75-86cd-cc7185ab8fe3","runtime":"nodejs18","entryPoint":"linkRiotAccount","source":{"storageSource":{"bucket":"gcf-v2-sources-366153511697-us-central1","object":"linkRiotAccount/function-source.zip","generation":"1732549140328694"}},"environmentVariables":{"GOOGLE_NODE_RUN_SCRIPTS":""},"dockerRepository":"projects/teamfinderapp-c3952/locations/us-central1/repositories/gcf-artifacts","serviceAccount":"projects/teamfinderapp-c3952/serviceAccounts/366153511697-compute@developer.gserviceaccount.com","automaticUpdatePolicy":{}},"serviceConfig":{"service":"projects/teamfinderapp-c3952/locations/us-central1/services/linkriotaccount","timeoutSeconds":60,"environmentVariables":{"FIREBASE_CONFIG":"{\"projectId\":\"teamfinderapp-c3952\",\"storageBucket\":\"teamfinderapp-c3952.firebasestorage.app\"}","GCLOUD_PROJECT":"teamfinderapp-c3952","EVENTARC_CLOUD_EVENT_SOURCE":"projects/teamfinderapp-c3952/locations/us-central1/services/linkRiotAccount","FUNCTION_TARGET":"linkRiotAccount","LOG_EXECUTION_ID":"true"},"maxInstanceCount":100,"ingressSettings":"ALLOW_ALL","serviceAccountEmail":"366153511697-compute@developer.gserviceaccount.com","availableMemory":"256Mi","allTrafficOnLatestRevision":true,"revision":"linkriotaccount-00002-duc","maxInstanceRequestConcurrency":80,"availableCpu":"1"},"state":"ACTIVE","updateTime":"2024-11-25T15:39:44.494458300Z","labels":{"firebase-functions-hash":"494ba1e9bb1646c81be8a64ab7429aa840cf0fd4","deployment-tool":"cli-firebase","deployment-callable":"true"},"environment":"GEN_2","url":"https://us-central1-teamfinderapp-c3952.cloudfunctions.net/linkRiotAccount","createTime":"2024-11-25T11:54:17.281944831Z"}]}
[info] i  functions: ensuring required API run.googleapis.com is enabled... 
[debug] [2024-11-25T15:54:56.768Z] Checked if tokens are valid: true, expires at: 1732553379836
[debug] [2024-11-25T15:54:56.768Z] Checked if tokens are valid: true, expires at: 1732553379836
[info] i  functions: ensuring required API eventarc.googleapis.com is enabled... 
[debug] [2024-11-25T15:54:56.768Z] Checked if tokens are valid: true, expires at: 1732553379836
[debug] [2024-11-25T15:54:56.768Z] Checked if tokens are valid: true, expires at: 1732553379836
[info] i  functions: ensuring required API pubsub.googleapis.com is enabled... 
[debug] [2024-11-25T15:54:56.768Z] Checked if tokens are valid: true, expires at: 1732553379836
[debug] [2024-11-25T15:54:56.768Z] Checked if tokens are valid: true, expires at: 1732553379836
[info] i  functions: ensuring required API storage.googleapis.com is enabled... 
[debug] [2024-11-25T15:54:56.769Z] Checked if tokens are valid: true, expires at: 1732553379836
[debug] [2024-11-25T15:54:56.769Z] Checked if tokens are valid: true, expires at: 1732553379836
[debug] [2024-11-25T15:54:56.769Z] >>> [apiv2][query] GET https://serviceusage.googleapis.com/v1/projects/teamfinderapp-c3952/services/run.googleapis.com [none]
[debug] [2024-11-25T15:54:56.769Z] >>> [apiv2][(partial)header] GET https://serviceusage.googleapis.com/v1/projects/teamfinderapp-c3952/services/run.googleapis.com x-goog-quota-user=projects/teamfinderapp-c3952
[debug] [2024-11-25T15:54:56.769Z] >>> [apiv2][query] GET https://serviceusage.googleapis.com/v1/projects/teamfinderapp-c3952/services/eventarc.googleapis.com [none]
[debug] [2024-11-25T15:54:56.769Z] >>> [apiv2][(partial)header] GET https://serviceusage.googleapis.com/v1/projects/teamfinderapp-c3952/services/eventarc.googleapis.com x-goog-quota-user=projects/teamfinderapp-c3952
[debug] [2024-11-25T15:54:56.771Z] >>> [apiv2][query] GET https://serviceusage.googleapis.com/v1/projects/teamfinderapp-c3952/services/pubsub.googleapis.com [none]
[debug] [2024-11-25T15:54:56.771Z] >>> [apiv2][(partial)header] GET https://serviceusage.googleapis.com/v1/projects/teamfinderapp-c3952/services/pubsub.googleapis.com x-goog-quota-user=projects/teamfinderapp-c3952
[debug] [2024-11-25T15:54:56.772Z] >>> [apiv2][query] GET https://serviceusage.googleapis.com/v1/projects/teamfinderapp-c3952/services/storage.googleapis.com [none]
[debug] [2024-11-25T15:54:56.772Z] >>> [apiv2][(partial)header] GET https://serviceusage.googleapis.com/v1/projects/teamfinderapp-c3952/services/storage.googleapis.com x-goog-quota-user=projects/teamfinderapp-c3952
[debug] [2024-11-25T15:54:57.117Z] <<< [apiv2][status] GET https://serviceusage.googleapis.com/v1/projects/teamfinderapp-c3952/services/run.googleapis.com 200
[debug] [2024-11-25T15:54:57.117Z] <<< [apiv2][body] GET https://serviceusage.googleapis.com/v1/projects/teamfinderapp-c3952/services/run.googleapis.com [omitted]
[info] +  functions: required API run.googleapis.com is enabled 
[debug] [2024-11-25T15:54:57.741Z] <<< [apiv2][status] GET https://serviceusage.googleapis.com/v1/projects/teamfinderapp-c3952/services/pubsub.googleapis.com 200
[debug] [2024-11-25T15:54:57.741Z] <<< [apiv2][body] GET https://serviceusage.googleapis.com/v1/projects/teamfinderapp-c3952/services/pubsub.googleapis.com [omitted]
[info] +  functions: required API pubsub.googleapis.com is enabled 
[debug] [2024-11-25T15:54:57.745Z] <<< [apiv2][status] GET https://serviceusage.googleapis.com/v1/projects/teamfinderapp-c3952/services/eventarc.googleapis.com 200
[debug] [2024-11-25T15:54:57.745Z] <<< [apiv2][body] GET https://serviceusage.googleapis.com/v1/projects/teamfinderapp-c3952/services/eventarc.googleapis.com [omitted]
[info] +  functions: required API eventarc.googleapis.com is enabled 
[debug] [2024-11-25T15:54:57.765Z] <<< [apiv2][status] GET https://serviceusage.googleapis.com/v1/projects/teamfinderapp-c3952/services/storage.googleapis.com 200
[debug] [2024-11-25T15:54:57.765Z] <<< [apiv2][body] GET https://serviceusage.googleapis.com/v1/projects/teamfinderapp-c3952/services/storage.googleapis.com [omitted]
[info] +  functions: required API storage.googleapis.com is enabled 
[info] i  functions: generating the service identity for pubsub.googleapis.com... 
[debug] [2024-11-25T15:54:57.766Z] Checked if tokens are valid: true, expires at: 1732553379836
[debug] [2024-11-25T15:54:57.766Z] Checked if tokens are valid: true, expires at: 1732553379836
[info] i  functions: generating the service identity for eventarc.googleapis.com... 
[debug] [2024-11-25T15:54:57.766Z] Checked if tokens are valid: true, expires at: 1732553379836
[debug] [2024-11-25T15:54:57.766Z] Checked if tokens are valid: true, expires at: 1732553379836
[debug] [2024-11-25T15:54:57.766Z] >>> [apiv2][query] POST https://serviceusage.googleapis.com/v1beta1/projects/366153511697/services/pubsub.googleapis.com:generateServiceIdentity [none]
[debug] [2024-11-25T15:54:57.767Z] >>> [apiv2][query] POST https://serviceusage.googleapis.com/v1beta1/projects/366153511697/services/eventarc.googleapis.com:generateServiceIdentity [none]
[debug] [2024-11-25T15:54:58.146Z] <<< [apiv2][status] POST https://serviceusage.googleapis.com/v1beta1/projects/366153511697/services/pubsub.googleapis.com:generateServiceIdentity 200
[debug] [2024-11-25T15:54:58.146Z] <<< [apiv2][body] POST https://serviceusage.googleapis.com/v1beta1/projects/366153511697/services/pubsub.googleapis.com:generateServiceIdentity {"name":"operations/finished.DONE_OPERATION","done":true,"response":{"@type":"type.googleapis.com/google.api.serviceusage.v1beta1.ServiceIdentity","email":"service-366153511697@gcp-sa-pubsub.iam.gserviceaccount.com","uniqueId":"105346184058314313824"}}
[debug] [2024-11-25T15:54:58.667Z] <<< [apiv2][status] POST https://serviceusage.googleapis.com/v1beta1/projects/366153511697/services/eventarc.googleapis.com:generateServiceIdentity 200
[debug] [2024-11-25T15:54:58.667Z] <<< [apiv2][body] POST https://serviceusage.googleapis.com/v1beta1/projects/366153511697/services/eventarc.googleapis.com:generateServiceIdentity {"name":"operations/finished.DONE_OPERATION","done":true,"response":{"@type":"type.googleapis.com/google.api.serviceusage.v1beta1.ServiceIdentity","email":"service-366153511697@gcp-sa-eventarc.iam.gserviceaccount.com","uniqueId":"114568118584621030580"}}
[debug] [2024-11-25T15:54:58.669Z] Checked if tokens are valid: true, expires at: 1732553379836
[debug] [2024-11-25T15:54:58.669Z] Checked if tokens are valid: true, expires at: 1732553379836
[debug] [2024-11-25T15:54:58.669Z] >>> [apiv2][query] GET https://cloudresourcemanager.googleapis.com/v1/projects/teamfinderapp-c3952 [none]
[debug] [2024-11-25T15:54:58.866Z] <<< [apiv2][status] GET https://cloudresourcemanager.googleapis.com/v1/projects/teamfinderapp-c3952 200
[debug] [2024-11-25T15:54:58.866Z] <<< [apiv2][body] GET https://cloudresourcemanager.googleapis.com/v1/projects/teamfinderapp-c3952 {"projectNumber":"366153511697","projectId":"teamfinderapp-c3952","lifecycleState":"ACTIVE","name":"TeamFinderApp","labels":{"firebase":"enabled"},"createTime":"2024-10-28T14:37:09.476899Z"}
[debug] [2024-11-25T15:54:58.867Z] Checked if tokens are valid: true, expires at: 1732553379836
[debug] [2024-11-25T15:54:58.867Z] Checked if tokens are valid: true, expires at: 1732553379836
[debug] [2024-11-25T15:54:58.867Z] >>> [apiv2][query] GET https://cloudbilling.googleapis.com/v1/projects/teamfinderapp-c3952/billingInfo [none]
[debug] [2024-11-25T15:54:59.573Z] <<< [apiv2][status] GET https://cloudbilling.googleapis.com/v1/projects/teamfinderapp-c3952/billingInfo 200
[debug] [2024-11-25T15:54:59.574Z] <<< [apiv2][body] GET https://cloudbilling.googleapis.com/v1/projects/teamfinderapp-c3952/billingInfo {"name":"projects/teamfinderapp-c3952/billingInfo","projectId":"teamfinderapp-c3952","billingAccountName":"billingAccounts/01450A-D6E238-AE8A1C","billingEnabled":true}
[debug] [2024-11-25T15:54:59.575Z] Checked if tokens are valid: true, expires at: 1732553379836
[debug] [2024-11-25T15:54:59.575Z] Checked if tokens are valid: true, expires at: 1732553379836
[debug] [2024-11-25T15:54:59.575Z] >>> [apiv2][query] POST https://cloudfunctions.googleapis.com/v2/projects/teamfinderapp-c3952/locations/us-central1/functions:generateUploadUrl [none]
[debug] [2024-11-25T15:55:01.140Z] <<< [apiv2][status] POST https://cloudfunctions.googleapis.com/v2/projects/teamfinderapp-c3952/locations/us-central1/functions:generateUploadUrl 200
[debug] [2024-11-25T15:55:01.140Z] <<< [apiv2][body] POST https://cloudfunctions.googleapis.com/v2/projects/teamfinderapp-c3952/locations/us-central1/functions:generateUploadUrl {"uploadUrl":"https://storage.googleapis.com/gcf-v2-uploads-366153511697.us-central1.cloudfunctions.appspot.com/9b1ac2ce-096d-440d-9f5f-737263dda72d.zip?GoogleAccessId=service-366153511697@gcf-admin-robot.iam.gserviceaccount.com&Expires=1732551900&Signature=f6SoZmYxnOIB3HNxE1g0PLyytJkhXC%2BlCXe6Hc46w3i2fMr94lBjOxHNpxw6Vyj6KG4Dt7%2F1iU8%2BfdyoYIvSASl1nwsRfRyuxpbKkXEdpJl50F5JBjp2P5F8isxkb%2Bjo1Uej1bY5u4c%2B4an9qCQgUkUJOw0r6EfYjmbSVxg0YISUKWDWeCaWRTB5NN%2FCLXMwqUGOmujUHn04xnIi4oaTOGgGlK6unXmCjzLQjWGxpET2iZ3jWm9EORKghGVqTSoE6AEZyH3h9X%2B2GCvnU5unS4rTcMk0R%2BEWw2xZbAPx1GqhKUQJUZJsGj1pUQA6InqIjSRGLfDrSZvmoprTnAAryQ%3D%3D","storageSource":{"bucket":"gcf-v2-uploads-366153511697.us-central1.cloudfunctions.appspot.com","object":"9b1ac2ce-096d-440d-9f5f-737263dda72d.zip"}}
[debug] [2024-11-25T15:55:01.141Z] >>> [apiv2][query] PUT https://storage.googleapis.com/gcf-v2-uploads-366153511697.us-central1.cloudfunctions.appspot.com/9b1ac2ce-096d-440d-9f5f-737263dda72d.zip GoogleAccessId=service-366153511697%40gcf-admin-robot.iam.gserviceaccount.com&Expires=1732551900&Signature=f6SoZmYxnOIB3HNxE1g0PLyytJkhXC%2BlCXe6Hc46w3i2fMr94lBjOxHNpxw6Vyj6KG4Dt7%2F1iU8%2BfdyoYIvSASl1nwsRfRyuxpbKkXEdpJl50F5JBjp2P5F8isxkb%2Bjo1Uej1bY5u4c%2B4an9qCQgUkUJOw0r6EfYjmbSVxg0YISUKWDWeCaWRTB5NN%2FCLXMwqUGOmujUHn04xnIi4oaTOGgGlK6unXmCjzLQjWGxpET2iZ3jWm9EORKghGVqTSoE6AEZyH3h9X%2B2GCvnU5unS4rTcMk0R%2BEWw2xZbAPx1GqhKUQJUZJsGj1pUQA6InqIjSRGLfDrSZvmoprTnAAryQ%3D%3D
[debug] [2024-11-25T15:55:01.141Z] >>> [apiv2][body] PUT https://storage.googleapis.com/gcf-v2-uploads-366153511697.us-central1.cloudfunctions.appspot.com/9b1ac2ce-096d-440d-9f5f-737263dda72d.zip [stream]
[debug] [2024-11-25T15:55:01.745Z] <<< [apiv2][status] PUT https://storage.googleapis.com/gcf-v2-uploads-366153511697.us-central1.cloudfunctions.appspot.com/9b1ac2ce-096d-440d-9f5f-737263dda72d.zip 200
[debug] [2024-11-25T15:55:01.746Z] <<< [apiv2][body] PUT https://storage.googleapis.com/gcf-v2-uploads-366153511697.us-central1.cloudfunctions.appspot.com/9b1ac2ce-096d-440d-9f5f-737263dda72d.zip [omitted]
[info] +  functions: functions folder uploaded successfully 
[info] i  functions: updating Node.js 18 (2nd Gen) function linkRiotAccount(us-central1)... 
[debug] [2024-11-25T15:55:01.751Z] Checked if tokens are valid: true, expires at: 1732553379836
[debug] [2024-11-25T15:55:01.751Z] Checked if tokens are valid: true, expires at: 1732553379836
[debug] [2024-11-25T15:55:01.751Z] >>> [apiv2][query] PATCH https://cloudfunctions.googleapis.com/v2/projects/teamfinderapp-c3952/locations/us-central1/functions/linkRiotAccount updateMask=name%2CbuildConfig.runtime%2CbuildConfig.entryPoint%2CbuildConfig.source.storageSource.bucket%2CbuildConfig.source.storageSource.object%2CbuildConfig.environmentVariables%2CbuildConfig.sourceToken%2CserviceConfig.environmentVariables%2CserviceConfig.ingressSettings%2CserviceConfig.timeoutSeconds%2CserviceConfig.serviceAccountEmail%2CserviceConfig.availableMemory%2CserviceConfig.minInstanceCount%2CserviceConfig.maxInstanceCount%2CserviceConfig.maxInstanceRequestConcurrency%2CserviceConfig.availableCpu%2CserviceConfig.vpcConnector%2CserviceConfig.vpcConnectorEgressSettings%2Clabels%2CbuildConfig.buildEnvironmentVariables
[debug] [2024-11-25T15:55:01.751Z] >>> [apiv2][body] PATCH https://cloudfunctions.googleapis.com/v2/projects/teamfinderapp-c3952/locations/us-central1/functions/linkRiotAccount {"name":"projects/teamfinderapp-c3952/locations/us-central1/functions/linkRiotAccount","buildConfig":{"runtime":"nodejs18","entryPoint":"linkRiotAccount","source":{"storageSource":{"bucket":"gcf-v2-uploads-366153511697.us-central1.cloudfunctions.appspot.com","object":"9b1ac2ce-096d-440d-9f5f-737263dda72d.zip"}},"environmentVariables":{"GOOGLE_NODE_RUN_SCRIPTS":""}},"serviceConfig":{"environmentVariables":{"FIREBASE_CONFIG":"{\"projectId\":\"teamfinderapp-c3952\",\"storageBucket\":\"teamfinderapp-c3952.firebasestorage.app\"}","GCLOUD_PROJECT":"teamfinderapp-c3952","EVENTARC_CLOUD_EVENT_SOURCE":"projects/teamfinderapp-c3952/locations/us-central1/services/linkRiotAccount","FUNCTION_TARGET":"linkRiotAccount","LOG_EXECUTION_ID":"true"},"ingressSettings":null,"timeoutSeconds":null,"serviceAccountEmail":null,"availableMemory":"256Mi","minInstanceCount":null,"maxInstanceCount":null,"maxInstanceRequestConcurrency":80,"availableCpu":"1","vpcConnector":null,"vpcConnectorEgressSettings":null},"labels":{"deployment-tool":"cli-firebase","deployment-callable":"true","firebase-functions-hash":"99bd69ede8ef6fce7bfb10600cd74ac245e354e7"}}
[debug] [2024-11-25T15:55:03.871Z] <<< [apiv2][status] PATCH https://cloudfunctions.googleapis.com/v2/projects/teamfinderapp-c3952/locations/us-central1/functions/linkRiotAccount 200
[debug] [2024-11-25T15:55:03.871Z] <<< [apiv2][body] PATCH https://cloudfunctions.googleapis.com/v2/projects/teamfinderapp-c3952/locations/us-central1/functions/linkRiotAccount {"name":"projects/teamfinderapp-c3952/locations/us-central1/operations/operation-1732550101518-627bec15b4798-f43b59c6-ed8036e5","metadata":{"@type":"type.googleapis.com/google.cloud.functions.v2.OperationMetadata","createTime":"2024-11-25T15:55:02.885698892Z","target":"projects/teamfinderapp-c3952/locations/us-central1/functions/linkRiotAccount","verb":"update","cancelRequested":false,"apiVersion":"v2"},"done":false}
[debug] [2024-11-25T15:55:03.871Z] Checked if tokens are valid: true, expires at: 1732553379836
[debug] [2024-11-25T15:55:03.871Z] Checked if tokens are valid: true, expires at: 1732553379836
[debug] [2024-11-25T15:55:03.872Z] >>> [apiv2][query] GET https://cloudfunctions.googleapis.com/v2/projects/teamfinderapp-c3952/locations/us-central1/operations/operation-1732550101518-627bec15b4798-f43b59c6-ed8036e5 [none]
[debug] [2024-11-25T15:55:04.634Z] <<< [apiv2][status] GET https://cloudfunctions.googleapis.com/v2/projects/teamfinderapp-c3952/locations/us-central1/operations/operation-1732550101518-627bec15b4798-f43b59c6-ed8036e5 200
[debug] [2024-11-25T15:55:04.634Z] <<< [apiv2][body] GET https://cloudfunctions.googleapis.com/v2/projects/teamfinderapp-c3952/locations/us-central1/operations/operation-1732550101518-627bec15b4798-f43b59c6-ed8036e5 {"name":"projects/teamfinderapp-c3952/locations/us-central1/operations/operation-1732550101518-627bec15b4798-f43b59c6-ed8036e5","metadata":{"@type":"type.googleapis.com/google.cloud.functions.v2.OperationMetadata","createTime":"2024-11-25T15:55:02.885698892Z","target":"projects/teamfinderapp-c3952/locations/us-central1/functions/linkRiotAccount","verb":"update","cancelRequested":false,"apiVersion":"v2","requestResource":{"@type":"type.googleapis.com/google.cloud.functions.v2.Function","name":"projects/teamfinderapp-c3952/locations/us-central1/functions/linkRiotAccount","buildConfig":{"runtime":"nodejs18","entryPoint":"linkRiotAccount","source":{"storageSource":{"bucket":"gcf-v2-sources-366153511697-us-central1","object":"linkRiotAccount/function-source.zip","generation":"1732550102847096"}},"environmentVariables":{"GOOGLE_NODE_RUN_SCRIPTS":""},"dockerRepository":"projects/teamfinderapp-c3952/locations/us-central1/repositories/gcf-artifacts","serviceAccount":"projects/teamfinderapp-c3952/serviceAccounts/366153511697-compute@developer.gserviceaccount.com","automaticUpdatePolicy":{}},"serviceConfig":{"service":"projects/teamfinderapp-c3952/locations/us-central1/services/linkriotaccount","timeoutSeconds":60,"environmentVariables":{"FIREBASE_CONFIG":"{\"projectId\":\"teamfinderapp-c3952\",\"storageBucket\":\"teamfinderapp-c3952.firebasestorage.app\"}","GCLOUD_PROJECT":"teamfinderapp-c3952","EVENTARC_CLOUD_EVENT_SOURCE":"projects/teamfinderapp-c3952/locations/us-central1/services/linkRiotAccount","FUNCTION_TARGET":"linkRiotAccount","LOG_EXECUTION_ID":"true"},"ingressSettings":"ALLOW_ALL","serviceAccountEmail":"366153511697-compute@developer.gserviceaccount.com","availableMemory":"256Mi","allTrafficOnLatestRevision":true,"revision":"linkriotaccount-00002-duc","maxInstanceRequestConcurrency":80,"availableCpu":"1"},"state":"ACTIVE","labels":{"deployment-tool":"cloudfunctions","deployment-callable":"true","firebase-functions-hash":"99bd69ede8ef6fce7bfb10600cd74ac245e354e7"},"environment":"GEN_2","url":"https://us-central1-teamfinderapp-c3952.cloudfunctions.net/linkRiotAccount"},"stages":[{"name":"BUILD","message":"Creating build","state":"IN_PROGRESS","resource":"projects/366153511697/locations/us-central1/builds/6959bd7b-484b-4482-ae39-4c7920493cd9","resourceUri":"https://console.cloud.google.com/cloud-build/builds;region=us-central1/6959bd7b-484b-4482-ae39-4c7920493cd9?project=366153511697"},{"name":"SERVICE","state":"NOT_STARTED"}],"operationType":"UPDATE_FUNCTION","buildName":"projects/366153511697/locations/us-central1/builds/6959bd7b-484b-4482-ae39-4c7920493cd9"},"done":false}
[debug] [2024-11-25T15:55:05.143Z] [update-default-us-central1-linkRiotAccount] Retrying task index 0
[debug] [2024-11-25T15:55:05.143Z] Checked if tokens are valid: true, expires at: 1732553379836
[debug] [2024-11-25T15:55:05.143Z] Checked if tokens are valid: true, expires at: 1732553379836
[debug] [2024-11-25T15:55:05.143Z] >>> [apiv2][query] GET https://cloudfunctions.googleapis.com/v2/projects/teamfinderapp-c3952/locations/us-central1/operations/operation-1732550101518-627bec15b4798-f43b59c6-ed8036e5 [none]
[debug] [2024-11-25T15:55:05.908Z] <<< [apiv2][status] GET https://cloudfunctions.googleapis.com/v2/projects/teamfinderapp-c3952/locations/us-central1/operations/operation-1732550101518-627bec15b4798-f43b59c6-ed8036e5 200
[debug] [2024-11-25T15:55:05.908Z] <<< [apiv2][body] GET https://cloudfunctions.googleapis.com/v2/projects/teamfinderapp-c3952/locations/us-central1/operations/operation-1732550101518-627bec15b4798-f43b59c6-ed8036e5 {"name":"projects/teamfinderapp-c3952/locations/us-central1/operations/operation-1732550101518-627bec15b4798-f43b59c6-ed8036e5","metadata":{"@type":"type.googleapis.com/google.cloud.functions.v2.OperationMetadata","createTime":"2024-11-25T15:55:02.885698892Z","target":"projects/teamfinderapp-c3952/locations/us-central1/functions/linkRiotAccount","verb":"update","cancelRequested":false,"apiVersion":"v2","requestResource":{"@type":"type.googleapis.com/google.cloud.functions.v2.Function","name":"projects/teamfinderapp-c3952/locations/us-central1/functions/linkRiotAccount","buildConfig":{"runtime":"nodejs18","entryPoint":"linkRiotAccount","source":{"storageSource":{"bucket":"gcf-v2-sources-366153511697-us-central1","object":"linkRiotAccount/function-source.zip","generation":"1732550102847096"}},"environmentVariables":{"GOOGLE_NODE_RUN_SCRIPTS":""},"dockerRepository":"projects/teamfinderapp-c3952/locations/us-central1/repositories/gcf-artifacts","serviceAccount":"projects/teamfinderapp-c3952/serviceAccounts/366153511697-compute@developer.gserviceaccount.com","automaticUpdatePolicy":{}},"serviceConfig":{"service":"projects/teamfinderapp-c3952/locations/us-central1/services/linkriotaccount","timeoutSeconds":60,"environmentVariables":{"FIREBASE_CONFIG":"{\"projectId\":\"teamfinderapp-c3952\",\"storageBucket\":\"teamfinderapp-c3952.firebasestorage.app\"}","GCLOUD_PROJECT":"teamfinderapp-c3952","EVENTARC_CLOUD_EVENT_SOURCE":"projects/teamfinderapp-c3952/locations/us-central1/services/linkRiotAccount","FUNCTION_TARGET":"linkRiotAccount","LOG_EXECUTION_ID":"true"},"ingressSettings":"ALLOW_ALL","serviceAccountEmail":"366153511697-compute@developer.gserviceaccount.com","availableMemory":"256Mi","allTrafficOnLatestRevision":true,"revision":"linkriotaccount-00002-duc","maxInstanceRequestConcurrency":80,"availableCpu":"1"},"state":"ACTIVE","labels":{"deployment-tool":"cloudfunctions","deployment-callable":"true","firebase-functions-hash":"99bd69ede8ef6fce7bfb10600cd74ac245e354e7"},"environment":"GEN_2","url":"https://us-central1-teamfinderapp-c3952.cloudfunctions.net/linkRiotAccount"},"stages":[{"name":"BUILD","message":"Build in progress","state":"IN_PROGRESS","resource":"projects/366153511697/locations/us-central1/builds/6959bd7b-484b-4482-ae39-4c7920493cd9","resourceUri":"https://console.cloud.google.com/cloud-build/builds;region=us-central1/6959bd7b-484b-4482-ae39-4c7920493cd9?project=366153511697"},{"name":"SERVICE","state":"NOT_STARTED"}],"operationType":"UPDATE_FUNCTION","buildName":"projects/366153511697/locations/us-central1/builds/6959bd7b-484b-4482-ae39-4c7920493cd9"},"done":false}
[debug] [2024-11-25T15:55:06.913Z] [update-default-us-central1-linkRiotAccount] Retrying task index 0
[debug] [2024-11-25T15:55:06.913Z] Checked if tokens are valid: true, expires at: 1732553379836
[debug] [2024-11-25T15:55:06.913Z] Checked if tokens are valid: true, expires at: 1732553379836
[debug] [2024-11-25T15:55:06.913Z] >>> [apiv2][query] GET https://cloudfunctions.googleapis.com/v2/projects/teamfinderapp-c3952/locations/us-central1/operations/operation-1732550101518-627bec15b4798-f43b59c6-ed8036e5 [none]
[debug] [2024-11-25T15:55:07.681Z] <<< [apiv2][status] GET https://cloudfunctions.googleapis.com/v2/projects/teamfinderapp-c3952/locations/us-central1/operations/operation-1732550101518-627bec15b4798-f43b59c6-ed8036e5 200
[debug] [2024-11-25T15:55:07.681Z] <<< [apiv2][body] GET https://cloudfunctions.googleapis.com/v2/projects/teamfinderapp-c3952/locations/us-central1/operations/operation-1732550101518-627bec15b4798-f43b59c6-ed8036e5 {"name":"projects/teamfinderapp-c3952/locations/us-central1/operations/operation-1732550101518-627bec15b4798-f43b59c6-ed8036e5","metadata":{"@type":"type.googleapis.com/google.cloud.functions.v2.OperationMetadata","createTime":"2024-11-25T15:55:02.885698892Z","target":"projects/teamfinderapp-c3952/locations/us-central1/functions/linkRiotAccount","verb":"update","cancelRequested":false,"apiVersion":"v2","requestResource":{"@type":"type.googleapis.com/google.cloud.functions.v2.Function","name":"projects/teamfinderapp-c3952/locations/us-central1/functions/linkRiotAccount","buildConfig":{"runtime":"nodejs18","entryPoint":"linkRiotAccount","source":{"storageSource":{"bucket":"gcf-v2-sources-366153511697-us-central1","object":"linkRiotAccount/function-source.zip","generation":"1732550102847096"}},"environmentVariables":{"GOOGLE_NODE_RUN_SCRIPTS":""},"dockerRepository":"projects/teamfinderapp-c3952/locations/us-central1/repositories/gcf-artifacts","serviceAccount":"projects/teamfinderapp-c3952/serviceAccounts/366153511697-compute@developer.gserviceaccount.com","automaticUpdatePolicy":{}},"serviceConfig":{"service":"projects/teamfinderapp-c3952/locations/us-central1/services/linkriotaccount","timeoutSeconds":60,"environmentVariables":{"FIREBASE_CONFIG":"{\"projectId\":\"teamfinderapp-c3952\",\"storageBucket\":\"teamfinderapp-c3952.firebasestorage.app\"}","GCLOUD_PROJECT":"teamfinderapp-c3952","EVENTARC_CLOUD_EVENT_SOURCE":"projects/teamfinderapp-c3952/locations/us-central1/services/linkRiotAccount","FUNCTION_TARGET":"linkRiotAccount","LOG_EXECUTION_ID":"true"},"ingressSettings":"ALLOW_ALL","serviceAccountEmail":"366153511697-compute@developer.gserviceaccount.com","availableMemory":"256Mi","allTrafficOnLatestRevision":true,"revision":"linkriotaccount-00002-duc","maxInstanceRequestConcurrency":80,"availableCpu":"1"},"state":"ACTIVE","labels":{"deployment-tool":"cloudfunctions","deployment-callable":"true","firebase-functions-hash":"99bd69ede8ef6fce7bfb10600cd74ac245e354e7"},"environment":"GEN_2","url":"https://us-central1-teamfinderapp-c3952.cloudfunctions.net/linkRiotAccount"},"stages":[{"name":"BUILD","message":"Build in progress","state":"IN_PROGRESS","resource":"projects/366153511697/locations/us-central1/builds/6959bd7b-484b-4482-ae39-4c7920493cd9","resourceUri":"https://console.cloud.google.com/cloud-build/builds;region=us-central1/6959bd7b-484b-4482-ae39-4c7920493cd9?project=366153511697"},{"name":"SERVICE","state":"NOT_STARTED"}],"operationType":"UPDATE_FUNCTION","buildName":"projects/366153511697/locations/us-central1/builds/6959bd7b-484b-4482-ae39-4c7920493cd9"},"done":false}
[debug] [2024-11-25T15:55:09.693Z] [update-default-us-central1-linkRiotAccount] Retrying task index 0
[debug] [2024-11-25T15:55:09.694Z] Checked if tokens are valid: true, expires at: 1732553379836
[debug] [2024-11-25T15:55:09.694Z] Checked if tokens are valid: true, expires at: 1732553379836
[debug] [2024-11-25T15:55:09.694Z] >>> [apiv2][query] GET https://cloudfunctions.googleapis.com/v2/projects/teamfinderapp-c3952/locations/us-central1/operations/operation-1732550101518-627bec15b4798-f43b59c6-ed8036e5 [none]
[debug] [2024-11-25T15:55:10.426Z] <<< [apiv2][status] GET https://cloudfunctions.googleapis.com/v2/projects/teamfinderapp-c3952/locations/us-central1/operations/operation-1732550101518-627bec15b4798-f43b59c6-ed8036e5 200
[debug] [2024-11-25T15:55:10.427Z] <<< [apiv2][body] GET https://cloudfunctions.googleapis.com/v2/projects/teamfinderapp-c3952/locations/us-central1/operations/operation-1732550101518-627bec15b4798-f43b59c6-ed8036e5 {"name":"projects/teamfinderapp-c3952/locations/us-central1/operations/operation-1732550101518-627bec15b4798-f43b59c6-ed8036e5","metadata":{"@type":"type.googleapis.com/google.cloud.functions.v2.OperationMetadata","createTime":"2024-11-25T15:55:02.885698892Z","target":"projects/teamfinderapp-c3952/locations/us-central1/functions/linkRiotAccount","verb":"update","cancelRequested":false,"apiVersion":"v2","requestResource":{"@type":"type.googleapis.com/google.cloud.functions.v2.Function","name":"projects/teamfinderapp-c3952/locations/us-central1/functions/linkRiotAccount","buildConfig":{"runtime":"nodejs18","entryPoint":"linkRiotAccount","source":{"storageSource":{"bucket":"gcf-v2-sources-366153511697-us-central1","object":"linkRiotAccount/function-source.zip","generation":"1732550102847096"}},"environmentVariables":{"GOOGLE_NODE_RUN_SCRIPTS":""},"dockerRepository":"projects/teamfinderapp-c3952/locations/us-central1/repositories/gcf-artifacts","serviceAccount":"projects/teamfinderapp-c3952/serviceAccounts/366153511697-compute@developer.gserviceaccount.com","automaticUpdatePolicy":{}},"serviceConfig":{"service":"projects/teamfinderapp-c3952/locations/us-central1/services/linkriotaccount","timeoutSeconds":60,"environmentVariables":{"FIREBASE_CONFIG":"{\"projectId\":\"teamfinderapp-c3952\",\"storageBucket\":\"teamfinderapp-c3952.firebasestorage.app\"}","GCLOUD_PROJECT":"teamfinderapp-c3952","EVENTARC_CLOUD_EVENT_SOURCE":"projects/teamfinderapp-c3952/locations/us-central1/services/linkRiotAccount","FUNCTION_TARGET":"linkRiotAccount","LOG_EXECUTION_ID":"true"},"ingressSettings":"ALLOW_ALL","serviceAccountEmail":"366153511697-compute@developer.gserviceaccount.com","availableMemory":"256Mi","allTrafficOnLatestRevision":true,"revision":"linkriotaccount-00002-duc","maxInstanceRequestConcurrency":80,"availableCpu":"1"},"state":"ACTIVE","labels":{"deployment-tool":"cloudfunctions","deployment-callable":"true","firebase-functions-hash":"99bd69ede8ef6fce7bfb10600cd74ac245e354e7"},"environment":"GEN_2","url":"https://us-central1-teamfinderapp-c3952.cloudfunctions.net/linkRiotAccount"},"stages":[{"name":"BUILD","message":"Build in progress","state":"IN_PROGRESS","resource":"projects/366153511697/locations/us-central1/builds/6959bd7b-484b-4482-ae39-4c7920493cd9","resourceUri":"https://console.cloud.google.com/cloud-build/builds;region=us-central1/6959bd7b-484b-4482-ae39-4c7920493cd9?project=366153511697"},{"name":"SERVICE","state":"NOT_STARTED"}],"operationType":"UPDATE_FUNCTION","buildName":"projects/366153511697/locations/us-central1/builds/6959bd7b-484b-4482-ae39-4c7920493cd9"},"done":false}
[debug] [2024-11-25T15:55:14.428Z] [update-default-us-central1-linkRiotAccount] Retrying task index 0
[debug] [2024-11-25T15:55:14.429Z] Checked if tokens are valid: true, expires at: 1732553379836
[debug] [2024-11-25T15:55:14.429Z] Checked if tokens are valid: true, expires at: 1732553379836
[debug] [2024-11-25T15:55:14.429Z] >>> [apiv2][query] GET https://cloudfunctions.googleapis.com/v2/projects/teamfinderapp-c3952/locations/us-central1/operations/operation-1732550101518-627bec15b4798-f43b59c6-ed8036e5 [none]
[debug] [2024-11-25T15:55:15.192Z] <<< [apiv2][status] GET https://cloudfunctions.googleapis.com/v2/projects/teamfinderapp-c3952/locations/us-central1/operations/operation-1732550101518-627bec15b4798-f43b59c6-ed8036e5 200
[debug] [2024-11-25T15:55:15.192Z] <<< [apiv2][body] GET https://cloudfunctions.googleapis.com/v2/projects/teamfinderapp-c3952/locations/us-central1/operations/operation-1732550101518-627bec15b4798-f43b59c6-ed8036e5 {"name":"projects/teamfinderapp-c3952/locations/us-central1/operations/operation-1732550101518-627bec15b4798-f43b59c6-ed8036e5","metadata":{"@type":"type.googleapis.com/google.cloud.functions.v2.OperationMetadata","createTime":"2024-11-25T15:55:02.885698892Z","target":"projects/teamfinderapp-c3952/locations/us-central1/functions/linkRiotAccount","verb":"update","cancelRequested":false,"apiVersion":"v2","requestResource":{"@type":"type.googleapis.com/google.cloud.functions.v2.Function","name":"projects/teamfinderapp-c3952/locations/us-central1/functions/linkRiotAccount","buildConfig":{"runtime":"nodejs18","entryPoint":"linkRiotAccount","source":{"storageSource":{"bucket":"gcf-v2-sources-366153511697-us-central1","object":"linkRiotAccount/function-source.zip","generation":"1732550102847096"}},"environmentVariables":{"GOOGLE_NODE_RUN_SCRIPTS":""},"dockerRepository":"projects/teamfinderapp-c3952/locations/us-central1/repositories/gcf-artifacts","serviceAccount":"projects/teamfinderapp-c3952/serviceAccounts/366153511697-compute@developer.gserviceaccount.com","automaticUpdatePolicy":{}},"serviceConfig":{"service":"projects/teamfinderapp-c3952/locations/us-central1/services/linkriotaccount","timeoutSeconds":60,"environmentVariables":{"FIREBASE_CONFIG":"{\"projectId\":\"teamfinderapp-c3952\",\"storageBucket\":\"teamfinderapp-c3952.firebasestorage.app\"}","GCLOUD_PROJECT":"teamfinderapp-c3952","EVENTARC_CLOUD_EVENT_SOURCE":"projects/teamfinderapp-c3952/locations/us-central1/services/linkRiotAccount","FUNCTION_TARGET":"linkRiotAccount","LOG_EXECUTION_ID":"true"},"ingressSettings":"ALLOW_ALL","serviceAccountEmail":"366153511697-compute@developer.gserviceaccount.com","availableMemory":"256Mi","allTrafficOnLatestRevision":true,"revision":"linkriotaccount-00002-duc","maxInstanceRequestConcurrency":80,"availableCpu":"1"},"state":"ACTIVE","labels":{"deployment-tool":"cloudfunctions","deployment-callable":"true","firebase-functions-hash":"99bd69ede8ef6fce7bfb10600cd74ac245e354e7"},"environment":"GEN_2","url":"https://us-central1-teamfinderapp-c3952.cloudfunctions.net/linkRiotAccount"},"stages":[{"name":"BUILD","message":"Build in progress","state":"IN_PROGRESS","resource":"projects/366153511697/locations/us-central1/builds/6959bd7b-484b-4482-ae39-4c7920493cd9","resourceUri":"https://console.cloud.google.com/cloud-build/builds;region=us-central1/6959bd7b-484b-4482-ae39-4c7920493cd9?project=366153511697"},{"name":"SERVICE","state":"NOT_STARTED"}],"operationType":"UPDATE_FUNCTION","buildName":"projects/366153511697/locations/us-central1/builds/6959bd7b-484b-4482-ae39-4c7920493cd9"},"done":false}
[debug] [2024-11-25T15:55:23.204Z] [update-default-us-central1-linkRiotAccount] Retrying task index 0
[debug] [2024-11-25T15:55:23.205Z] Checked if tokens are valid: true, expires at: 1732553379836
[debug] [2024-11-25T15:55:23.205Z] Checked if tokens are valid: true, expires at: 1732553379836
[debug] [2024-11-25T15:55:23.205Z] >>> [apiv2][query] GET https://cloudfunctions.googleapis.com/v2/projects/teamfinderapp-c3952/locations/us-central1/operations/operation-1732550101518-627bec15b4798-f43b59c6-ed8036e5 [none]
[debug] [2024-11-25T15:55:24.030Z] <<< [apiv2][status] GET https://cloudfunctions.googleapis.com/v2/projects/teamfinderapp-c3952/locations/us-central1/operations/operation-1732550101518-627bec15b4798-f43b59c6-ed8036e5 200
[debug] [2024-11-25T15:55:24.030Z] <<< [apiv2][body] GET https://cloudfunctions.googleapis.com/v2/projects/teamfinderapp-c3952/locations/us-central1/operations/operation-1732550101518-627bec15b4798-f43b59c6-ed8036e5 {"name":"projects/teamfinderapp-c3952/locations/us-central1/operations/operation-1732550101518-627bec15b4798-f43b59c6-ed8036e5","metadata":{"@type":"type.googleapis.com/google.cloud.functions.v2.OperationMetadata","createTime":"2024-11-25T15:55:02.885698892Z","target":"projects/teamfinderapp-c3952/locations/us-central1/functions/linkRiotAccount","verb":"update","cancelRequested":false,"apiVersion":"v2","requestResource":{"@type":"type.googleapis.com/google.cloud.functions.v2.Function","name":"projects/teamfinderapp-c3952/locations/us-central1/functions/linkRiotAccount","buildConfig":{"runtime":"nodejs18","entryPoint":"linkRiotAccount","source":{"storageSource":{"bucket":"gcf-v2-sources-366153511697-us-central1","object":"linkRiotAccount/function-source.zip","generation":"1732550102847096"}},"environmentVariables":{"GOOGLE_NODE_RUN_SCRIPTS":""},"dockerRepository":"projects/teamfinderapp-c3952/locations/us-central1/repositories/gcf-artifacts","serviceAccount":"projects/teamfinderapp-c3952/serviceAccounts/366153511697-compute@developer.gserviceaccount.com","automaticUpdatePolicy":{}},"serviceConfig":{"service":"projects/teamfinderapp-c3952/locations/us-central1/services/linkriotaccount","timeoutSeconds":60,"environmentVariables":{"FIREBASE_CONFIG":"{\"projectId\":\"teamfinderapp-c3952\",\"storageBucket\":\"teamfinderapp-c3952.firebasestorage.app\"}","GCLOUD_PROJECT":"teamfinderapp-c3952","EVENTARC_CLOUD_EVENT_SOURCE":"projects/teamfinderapp-c3952/locations/us-central1/services/linkRiotAccount","FUNCTION_TARGET":"linkRiotAccount","LOG_EXECUTION_ID":"true"},"ingressSettings":"ALLOW_ALL","serviceAccountEmail":"366153511697-compute@developer.gserviceaccount.com","availableMemory":"256Mi","allTrafficOnLatestRevision":true,"revision":"linkriotaccount-00002-duc","maxInstanceRequestConcurrency":80,"availableCpu":"1"},"state":"ACTIVE","labels":{"deployment-tool":"cloudfunctions","deployment-callable":"true","firebase-functions-hash":"99bd69ede8ef6fce7bfb10600cd74ac245e354e7"},"environment":"GEN_2","url":"https://us-central1-teamfinderapp-c3952.cloudfunctions.net/linkRiotAccount"},"stages":[{"name":"BUILD","message":"Build in progress","state":"IN_PROGRESS","resource":"projects/366153511697/locations/us-central1/builds/6959bd7b-484b-4482-ae39-4c7920493cd9","resourceUri":"https://console.cloud.google.com/cloud-build/builds;region=us-central1/6959bd7b-484b-4482-ae39-4c7920493cd9?project=366153511697"},{"name":"SERVICE","state":"NOT_STARTED"}],"operationType":"UPDATE_FUNCTION","buildName":"projects/366153511697/locations/us-central1/builds/6959bd7b-484b-4482-ae39-4c7920493cd9"},"done":false}
[debug] [2024-11-25T15:55:34.043Z] [update-default-us-central1-linkRiotAccount] Retrying task index 0
[debug] [2024-11-25T15:55:34.043Z] Checked if tokens are valid: true, expires at: 1732553379836
[debug] [2024-11-25T15:55:34.043Z] Checked if tokens are valid: true, expires at: 1732553379836
[debug] [2024-11-25T15:55:34.044Z] >>> [apiv2][query] GET https://cloudfunctions.googleapis.com/v2/projects/teamfinderapp-c3952/locations/us-central1/operations/operation-1732550101518-627bec15b4798-f43b59c6-ed8036e5 [none]
[debug] [2024-11-25T15:55:34.868Z] <<< [apiv2][status] GET https://cloudfunctions.googleapis.com/v2/projects/teamfinderapp-c3952/locations/us-central1/operations/operation-1732550101518-627bec15b4798-f43b59c6-ed8036e5 200
[debug] [2024-11-25T15:55:34.869Z] <<< [apiv2][body] GET https://cloudfunctions.googleapis.com/v2/projects/teamfinderapp-c3952/locations/us-central1/operations/operation-1732550101518-627bec15b4798-f43b59c6-ed8036e5 {"name":"projects/teamfinderapp-c3952/locations/us-central1/operations/operation-1732550101518-627bec15b4798-f43b59c6-ed8036e5","metadata":{"@type":"type.googleapis.com/google.cloud.functions.v2.OperationMetadata","createTime":"2024-11-25T15:55:02.885698892Z","target":"projects/teamfinderapp-c3952/locations/us-central1/functions/linkRiotAccount","verb":"update","cancelRequested":false,"apiVersion":"v2","requestResource":{"@type":"type.googleapis.com/google.cloud.functions.v2.Function","name":"projects/teamfinderapp-c3952/locations/us-central1/functions/linkRiotAccount","buildConfig":{"runtime":"nodejs18","entryPoint":"linkRiotAccount","source":{"storageSource":{"bucket":"gcf-v2-sources-366153511697-us-central1","object":"linkRiotAccount/function-source.zip","generation":"1732550102847096"}},"environmentVariables":{"GOOGLE_NODE_RUN_SCRIPTS":""},"dockerRepository":"projects/teamfinderapp-c3952/locations/us-central1/repositories/gcf-artifacts","serviceAccount":"projects/teamfinderapp-c3952/serviceAccounts/366153511697-compute@developer.gserviceaccount.com","automaticUpdatePolicy":{}},"serviceConfig":{"service":"projects/teamfinderapp-c3952/locations/us-central1/services/linkriotaccount","timeoutSeconds":60,"environmentVariables":{"FIREBASE_CONFIG":"{\"projectId\":\"teamfinderapp-c3952\",\"storageBucket\":\"teamfinderapp-c3952.firebasestorage.app\"}","GCLOUD_PROJECT":"teamfinderapp-c3952","EVENTARC_CLOUD_EVENT_SOURCE":"projects/teamfinderapp-c3952/locations/us-central1/services/linkRiotAccount","FUNCTION_TARGET":"linkRiotAccount","LOG_EXECUTION_ID":"true"},"ingressSettings":"ALLOW_ALL","serviceAccountEmail":"366153511697-compute@developer.gserviceaccount.com","availableMemory":"256Mi","allTrafficOnLatestRevision":true,"revision":"linkriotaccount-00002-duc","maxInstanceRequestConcurrency":80,"availableCpu":"1"},"state":"ACTIVE","labels":{"deployment-tool":"cloudfunctions","deployment-callable":"true","firebase-functions-hash":"99bd69ede8ef6fce7bfb10600cd74ac245e354e7"},"environment":"GEN_2","url":"https://us-central1-teamfinderapp-c3952.cloudfunctions.net/linkRiotAccount"},"stages":[{"name":"BUILD","message":"Build in progress","state":"IN_PROGRESS","resource":"projects/366153511697/locations/us-central1/builds/6959bd7b-484b-4482-ae39-4c7920493cd9","resourceUri":"https://console.cloud.google.com/cloud-build/builds;region=us-central1/6959bd7b-484b-4482-ae39-4c7920493cd9?project=366153511697"},{"name":"SERVICE","state":"NOT_STARTED"}],"operationType":"UPDATE_FUNCTION","buildName":"projects/366153511697/locations/us-central1/builds/6959bd7b-484b-4482-ae39-4c7920493cd9"},"done":false}
[debug] [2024-11-25T15:55:44.872Z] [update-default-us-central1-linkRiotAccount] Retrying task index 0
[debug] [2024-11-25T15:55:44.872Z] Checked if tokens are valid: true, expires at: 1732553379836
[debug] [2024-11-25T15:55:44.872Z] Checked if tokens are valid: true, expires at: 1732553379836
[debug] [2024-11-25T15:55:44.872Z] >>> [apiv2][query] GET https://cloudfunctions.googleapis.com/v2/projects/teamfinderapp-c3952/locations/us-central1/operations/operation-1732550101518-627bec15b4798-f43b59c6-ed8036e5 [none]
[debug] [2024-11-25T15:55:45.682Z] <<< [apiv2][status] GET https://cloudfunctions.googleapis.com/v2/projects/teamfinderapp-c3952/locations/us-central1/operations/operation-1732550101518-627bec15b4798-f43b59c6-ed8036e5 200
[debug] [2024-11-25T15:55:45.682Z] <<< [apiv2][body] GET https://cloudfunctions.googleapis.com/v2/projects/teamfinderapp-c3952/locations/us-central1/operations/operation-1732550101518-627bec15b4798-f43b59c6-ed8036e5 {"name":"projects/teamfinderapp-c3952/locations/us-central1/operations/operation-1732550101518-627bec15b4798-f43b59c6-ed8036e5","metadata":{"@type":"type.googleapis.com/google.cloud.functions.v2.OperationMetadata","createTime":"2024-11-25T15:55:02.885698892Z","target":"projects/teamfinderapp-c3952/locations/us-central1/functions/linkRiotAccount","verb":"update","cancelRequested":false,"apiVersion":"v2","requestResource":{"@type":"type.googleapis.com/google.cloud.functions.v2.Function","name":"projects/teamfinderapp-c3952/locations/us-central1/functions/linkRiotAccount","buildConfig":{"runtime":"nodejs18","entryPoint":"linkRiotAccount","source":{"storageSource":{"bucket":"gcf-v2-sources-366153511697-us-central1","object":"linkRiotAccount/function-source.zip","generation":"1732550102847096"}},"environmentVariables":{"GOOGLE_NODE_RUN_SCRIPTS":""},"dockerRepository":"projects/teamfinderapp-c3952/locations/us-central1/repositories/gcf-artifacts","serviceAccount":"projects/teamfinderapp-c3952/serviceAccounts/366153511697-compute@developer.gserviceaccount.com","automaticUpdatePolicy":{}},"serviceConfig":{"service":"projects/teamfinderapp-c3952/locations/us-central1/services/linkriotaccount","timeoutSeconds":60,"environmentVariables":{"FIREBASE_CONFIG":"{\"projectId\":\"teamfinderapp-c3952\",\"storageBucket\":\"teamfinderapp-c3952.firebasestorage.app\"}","GCLOUD_PROJECT":"teamfinderapp-c3952","EVENTARC_CLOUD_EVENT_SOURCE":"projects/teamfinderapp-c3952/locations/us-central1/services/linkRiotAccount","FUNCTION_TARGET":"linkRiotAccount","LOG_EXECUTION_ID":"true"},"ingressSettings":"ALLOW_ALL","serviceAccountEmail":"366153511697-compute@developer.gserviceaccount.com","availableMemory":"256Mi","allTrafficOnLatestRevision":true,"revision":"linkriotaccount-00002-duc","maxInstanceRequestConcurrency":80,"availableCpu":"1"},"state":"ACTIVE","labels":{"deployment-tool":"cloudfunctions","deployment-callable":"true","firebase-functions-hash":"99bd69ede8ef6fce7bfb10600cd74ac245e354e7"},"environment":"GEN_2","url":"https://us-central1-teamfinderapp-c3952.cloudfunctions.net/linkRiotAccount"},"stages":[{"name":"BUILD","message":"Build finished","state":"COMPLETE","resource":"projects/366153511697/locations/us-central1/builds/6959bd7b-484b-4482-ae39-4c7920493cd9","resourceUri":"https://console.cloud.google.com/cloud-build/builds;region=us-central1/6959bd7b-484b-4482-ae39-4c7920493cd9?project=366153511697"},{"name":"SERVICE","message":"Updating Cloud Run service","state":"IN_PROGRESS","resource":"projects/teamfinderapp-c3952/locations/us-central1/services/linkriotaccount","resourceUri":"https://console.cloud.google.com/run/detail/us-central1/linkriotaccount?project=teamfinderapp-c3952","stateMessages":[{"severity":"INFO","type":"CloudRunServiceNewRevisionTrafficInfo","message":"A new revision will be deployed serving with 100% traffic."}]}],"sourceToken":"Cldwcm9qZWN0cy8zNjYxNTM1MTE2OTcvbG9jYXRpb25zL3VzLWNlbnRyYWwxL2J1aWxkcy82OTU5YmQ3Yi00ODRiLTQ0ODItYWUzOS00Yzc5MjA0OTNjZDkSfHVzLWNlbnRyYWwxLWRvY2tlci5wa2cuZGV2L3RlYW1maW5kZXJhcHAtYzM5NTIvZ2NmLWFydGlmYWN0cy90ZWFtZmluZGVyYXBwLS1jMzk1Ml9fdXMtLWNlbnRyYWwxX19saW5rX3Jpb3RfYWNjb3VudDp2ZXJzaW9uXzEYkebMg9QKIkxwcm9qZWN0cy90ZWFtZmluZGVyYXBwLWMzOTUyL2xvY2F0aW9ucy91cy1jZW50cmFsMS9mdW5jdGlvbnMvbGlua1Jpb3RBY2NvdW50KgsI+buSugYQkP70UTIIbm9kZWpzMTg6dgojZ2NyLmlvL2dhZS1ydW50aW1lcy9ub2RlanMxODpzdGFibGUST3VzLWNlbnRyYWwxLWRvY2tlci5wa2cuZGV2L3NlcnZlcmxlc3MtcnVudGltZXMvZ29vZ2xlLTIyLWZ1bGwvcnVudGltZXMvbm9kZWpzMThAAQ==","operationType":"UPDATE_FUNCTION","buildName":"projects/366153511697/locations/us-central1/builds/6959bd7b-484b-4482-ae39-4c7920493cd9"},"done":false}
[debug] [2024-11-25T15:55:45.683Z] Got source token Cldwcm9qZWN0cy8zNjYxNTM1MTE2OTcvbG9jYXRpb25zL3VzLWNlbnRyYWwxL2J1aWxkcy82OTU5YmQ3Yi00ODRiLTQ0ODItYWUzOS00Yzc5MjA0OTNjZDkSfHVzLWNlbnRyYWwxLWRvY2tlci5wa2cuZGV2L3RlYW1maW5kZXJhcHAtYzM5NTIvZ2NmLWFydGlmYWN0cy90ZWFtZmluZGVyYXBwLS1jMzk1Ml9fdXMtLWNlbnRyYWwxX19saW5rX3Jpb3RfYWNjb3VudDp2ZXJzaW9uXzEYkebMg9QKIkxwcm9qZWN0cy90ZWFtZmluZGVyYXBwLWMzOTUyL2xvY2F0aW9ucy91cy1jZW50cmFsMS9mdW5jdGlvbnMvbGlua1Jpb3RBY2NvdW50KgsI+buSugYQkP70UTIIbm9kZWpzMTg6dgojZ2NyLmlvL2dhZS1ydW50aW1lcy9ub2RlanMxODpzdGFibGUST3VzLWNlbnRyYWwxLWRvY2tlci5wa2cuZGV2L3NlcnZlcmxlc3MtcnVudGltZXMvZ29vZ2xlLTIyLWZ1bGwvcnVudGltZXMvbm9kZWpzMThAAQ== for region us-central1
[debug] [2024-11-25T15:55:55.693Z] [update-default-us-central1-linkRiotAccount] Retrying task index 0
[debug] [2024-11-25T15:55:55.693Z] Checked if tokens are valid: true, expires at: 1732553379836
[debug] [2024-11-25T15:55:55.693Z] Checked if tokens are valid: true, expires at: 1732553379836
[debug] [2024-11-25T15:55:55.693Z] >>> [apiv2][query] GET https://cloudfunctions.googleapis.com/v2/projects/teamfinderapp-c3952/locations/us-central1/operations/operation-1732550101518-627bec15b4798-f43b59c6-ed8036e5 [none]
[debug] [2024-11-25T15:55:56.481Z] <<< [apiv2][status] GET https://cloudfunctions.googleapis.com/v2/projects/teamfinderapp-c3952/locations/us-central1/operations/operation-1732550101518-627bec15b4798-f43b59c6-ed8036e5 200
[debug] [2024-11-25T15:55:56.481Z] <<< [apiv2][body] GET https://cloudfunctions.googleapis.com/v2/projects/teamfinderapp-c3952/locations/us-central1/operations/operation-1732550101518-627bec15b4798-f43b59c6-ed8036e5 {"name":"projects/teamfinderapp-c3952/locations/us-central1/operations/operation-1732550101518-627bec15b4798-f43b59c6-ed8036e5","metadata":{"@type":"type.googleapis.com/google.cloud.functions.v2.OperationMetadata","createTime":"2024-11-25T15:55:02.885698892Z","endTime":"2024-11-25T15:55:47.270141814Z","target":"projects/teamfinderapp-c3952/locations/us-central1/functions/linkRiotAccount","verb":"update","cancelRequested":false,"apiVersion":"v2","requestResource":{"@type":"type.googleapis.com/google.cloud.functions.v2.Function","name":"projects/teamfinderapp-c3952/locations/us-central1/functions/linkRiotAccount","buildConfig":{"runtime":"nodejs18","entryPoint":"linkRiotAccount","source":{"storageSource":{"bucket":"gcf-v2-sources-366153511697-us-central1","object":"linkRiotAccount/function-source.zip","generation":"1732550102847096"}},"environmentVariables":{"GOOGLE_NODE_RUN_SCRIPTS":""},"dockerRepository":"projects/teamfinderapp-c3952/locations/us-central1/repositories/gcf-artifacts","serviceAccount":"projects/teamfinderapp-c3952/serviceAccounts/366153511697-compute@developer.gserviceaccount.com","automaticUpdatePolicy":{}},"serviceConfig":{"service":"projects/teamfinderapp-c3952/locations/us-central1/services/linkriotaccount","timeoutSeconds":60,"environmentVariables":{"FIREBASE_CONFIG":"{\"projectId\":\"teamfinderapp-c3952\",\"storageBucket\":\"teamfinderapp-c3952.firebasestorage.app\"}","GCLOUD_PROJECT":"teamfinderapp-c3952","EVENTARC_CLOUD_EVENT_SOURCE":"projects/teamfinderapp-c3952/locations/us-central1/services/linkRiotAccount","FUNCTION_TARGET":"linkRiotAccount","LOG_EXECUTION_ID":"true"},"ingressSettings":"ALLOW_ALL","serviceAccountEmail":"366153511697-compute@developer.gserviceaccount.com","availableMemory":"256Mi","allTrafficOnLatestRevision":true,"revision":"linkriotaccount-00002-duc","maxInstanceRequestConcurrency":80,"availableCpu":"1"},"state":"ACTIVE","labels":{"deployment-tool":"cloudfunctions","deployment-callable":"true","firebase-functions-hash":"99bd69ede8ef6fce7bfb10600cd74ac245e354e7"},"environment":"GEN_2","url":"https://us-central1-teamfinderapp-c3952.cloudfunctions.net/linkRiotAccount"},"stages":[{"name":"SERVICE","state":"NOT_STARTED"}],"operationType":"UPDATE_FUNCTION"},"done":true,"error":{"code":3,"message":"Could not create or update Cloud Run service linkriotaccount, Container Healthcheck failed. Revision 'linkriotaccount-00003-jij' is not ready and cannot serve traffic. The user-provided container failed to start and listen on the port defined provided by the PORT=8080 environment variable within the allocated timeout. This can happen when the container port is misconfigured or if the timeout is too short. The health check timeout can be extended. Logs for this revision might contain more information.\n\nLogs URL: https://console.cloud.google.com/logs/viewer?project=teamfinderapp-c3952&resource=cloud_run_revision/service_name/linkriotaccount/revision_name/linkriotaccount-00003-jij&advancedFilter=resource.type%3D%22cloud_run_revision%22%0Aresource.labels.service_name%3D%22linkriotaccount%22%0Aresource.labels.revision_name%3D%22linkriotaccount-00003-jij%22 \nFor more troubleshooting guidance, see https://cloud.google.com/run/docs/troubleshooting#container-failed-to-start"}}
[debug] [2024-11-25T15:55:56.481Z] Got source token undefined for region us-central1
[error] Could not create or update Cloud Run service linkriotaccount, Container Healthcheck failed. Revision 'linkriotaccount-00003-jij' is not ready and cannot serve traffic. The user-provided container failed to start and listen on the port defined provided by the PORT=8080 environment variable within the allocated timeout. This can happen when the container port is misconfigured or if the timeout is too short. The health check timeout can be extended. Logs for this revision might contain more information.

Logs URL: https://console.cloud.google.com/logs/viewer?project=teamfinderapp-c3952&resource=cloud_run_revision/service_name/linkriotaccount/revision_name/linkriotaccount-00003-jij&advancedFilter=resource.type%3D%22cloud_run_revision%22%0Aresource.labels.service_name%3D%22linkriotaccount%22%0Aresource.labels.revision_name%3D%22linkriotaccount-00003-jij%22 
For more troubleshooting guidance, see https://cloud.google.com/run/docs/troubleshooting#container-failed-to-start
[debug] [2024-11-25T15:55:56.487Z] Total Function Deployment time: 54734
[debug] [2024-11-25T15:55:56.487Z] 1 Functions Deployed
[debug] [2024-11-25T15:55:56.487Z] 1 Functions Errored
[debug] [2024-11-25T15:55:56.487Z] 0 Function Deployments Aborted
[debug] [2024-11-25T15:55:56.488Z] Average Function Deployment time: 54733
[info] 
[info] Functions deploy had errors with the following functions:
	linkRiotAccount(us-central1)
[info] i  functions: cleaning up build files... 
[debug] [2024-11-25T15:55:56.574Z] Checked if tokens are valid: true, expires at: 1732553379836
[debug] [2024-11-25T15:55:56.574Z] Checked if tokens are valid: true, expires at: 1732553379836
[debug] [2024-11-25T15:55:56.575Z] Checked if tokens are valid: true, expires at: 1732553379836
[debug] [2024-11-25T15:55:56.575Z] Checked if tokens are valid: true, expires at: 1732553379836
[debug] [2024-11-25T15:55:56.575Z] >>> [apiv2][query] DELETE https://artifactregistry.googleapis.com/v1beta2/projects/teamfinderapp-c3952/locations/us-central1/repositories/gcf-artifacts/packages/link_riot_account [none]
[debug] [2024-11-25T15:55:56.576Z] >>> [apiv2][query] GET https://us.gcr.io/v2/teamfinderapp-c3952/gcf/us-central1/tags/list [none]
[debug] [2024-11-25T15:55:56.914Z] <<< [apiv2][status] GET https://us.gcr.io/v2/teamfinderapp-c3952/gcf/us-central1/tags/list 404
[debug] [2024-11-25T15:55:56.914Z] <<< [apiv2][body] GET https://us.gcr.io/v2/teamfinderapp-c3952/gcf/us-central1/tags/list {"errors":[{"code":"NAME_UNKNOWN","message":"Repository \"us.gcr.io\" not found"}]}
[debug] [2024-11-25T15:55:56.914Z] Failed docker command with error  Request to https://us.gcr.io/v2/teamfinderapp-c3952/gcf/us-central1/tags/list had HTTP Error: 404, Not Found {"name":"FirebaseError","children":[],"context":{"body":{"errors":[{"code":"NAME_UNKNOWN","message":"Repository \"us.gcr.io\" not found"}],"error":{"message":"Not Found"}},"response":{"statusCode":404}},"exit":1,"message":"Request to https://us.gcr.io/v2/teamfinderapp-c3952/gcf/us-central1/tags/list had HTTP Error: 404, Not Found","status":404}
[debug] [2024-11-25T15:55:56.930Z] Checked if tokens are valid: true, expires at: 1732553379836
[debug] [2024-11-25T15:55:56.930Z] Checked if tokens are valid: true, expires at: 1732553379836
[debug] [2024-11-25T15:55:56.930Z] >>> [apiv2][query] GET https://us.gcr.io/v2/teamfinderapp-c3952/gcf/us-central1/tags/list [none]
[debug] [2024-11-25T15:55:57.176Z] <<< [apiv2][status] GET https://us.gcr.io/v2/teamfinderapp-c3952/gcf/us-central1/tags/list 404
[debug] [2024-11-25T15:55:57.176Z] <<< [apiv2][body] GET https://us.gcr.io/v2/teamfinderapp-c3952/gcf/us-central1/tags/list {"errors":[{"code":"NAME_UNKNOWN","message":"Repository \"us.gcr.io\" not found"}]}
[debug] [2024-11-25T15:55:57.176Z] Failed docker command with error  Request to https://us.gcr.io/v2/teamfinderapp-c3952/gcf/us-central1/tags/list had HTTP Error: 404, Not Found {"name":"FirebaseError","children":[],"context":{"body":{"errors":[{"code":"NAME_UNKNOWN","message":"Repository \"us.gcr.io\" not found"}],"error":{"message":"Not Found"}},"response":{"statusCode":404}},"exit":1,"message":"Request to https://us.gcr.io/v2/teamfinderapp-c3952/gcf/us-central1/tags/list had HTTP Error: 404, Not Found","status":404}
[debug] [2024-11-25T15:55:57.287Z] Checked if tokens are valid: true, expires at: 1732553379836
[debug] [2024-11-25T15:55:57.287Z] Checked if tokens are valid: true, expires at: 1732553379836
[debug] [2024-11-25T15:55:57.287Z] >>> [apiv2][query] GET https://us.gcr.io/v2/teamfinderapp-c3952/gcf/us-central1/tags/list [none]
[debug] [2024-11-25T15:55:57.384Z] <<< [apiv2][status] DELETE https://artifactregistry.googleapis.com/v1beta2/projects/teamfinderapp-c3952/locations/us-central1/repositories/gcf-artifacts/packages/link_riot_account 404
[debug] [2024-11-25T15:55:57.384Z] <<< [apiv2][body] DELETE https://artifactregistry.googleapis.com/v1beta2/projects/teamfinderapp-c3952/locations/us-central1/repositories/gcf-artifacts/packages/link_riot_account {"error":{"code":404,"message":"Package \"projects/teamfinderapp-c3952/locations/us-central1/repositories/gcf-artifacts/packages/link_riot_account\" was not found.","status":"NOT_FOUND"}}
[debug] [2024-11-25T15:55:57.514Z] <<< [apiv2][status] GET https://us.gcr.io/v2/teamfinderapp-c3952/gcf/us-central1/tags/list 404
[debug] [2024-11-25T15:55:57.514Z] <<< [apiv2][body] GET https://us.gcr.io/v2/teamfinderapp-c3952/gcf/us-central1/tags/list {"errors":[{"code":"NAME_UNKNOWN","message":"Repository \"us.gcr.io\" not found"}]}
[debug] [2024-11-25T15:55:57.514Z] Failed docker command with error  Request to https://us.gcr.io/v2/teamfinderapp-c3952/gcf/us-central1/tags/list had HTTP Error: 404, Not Found {"name":"FirebaseError","children":[],"context":{"body":{"errors":[{"code":"NAME_UNKNOWN","message":"Repository \"us.gcr.io\" not found"}],"error":{"message":"Not Found"}},"response":{"statusCode":404}},"exit":1,"message":"Request to https://us.gcr.io/v2/teamfinderapp-c3952/gcf/us-central1/tags/list had HTTP Error: 404, Not Found","status":404}
[warn] !  functions: Unhandled error cleaning up build images. This could result in a small monthly bill if not corrected. You can attempt to delete these images by redeploying or you can delete them manually at https://console.cloud.google.com/gcr/images/teamfinderapp-c3952/us/gcf 
[debug] [2024-11-25T15:55:57.515Z] Functions deploy failed.
[debug] [2024-11-25T15:55:57.515Z] {
  "endpoint": {
    "id": "linkRiotAccount",
    "project": "teamfinderapp-c3952",
    "region": "us-central1",
    "entryPoint": "linkRiotAccount",
    "platform": "gcfv2",
    "runtime": "nodejs18",
    "callableTrigger": {},
    "labels": {
      "deployment-tool": "cli-firebase"
    },
    "ingressSettings": null,
    "availableMemoryMb": null,
    "serviceAccount": null,
    "timeoutSeconds": null,
    "maxInstances": null,
    "minInstances": null,
    "concurrency": 80,
    "vpc": null,
    "environmentVariables": {
      "FIREBASE_CONFIG": "{\"projectId\":\"teamfinderapp-c3952\",\"storageBucket\":\"teamfinderapp-c3952.firebasestorage.app\"}",
      "GCLOUD_PROJECT": "teamfinderapp-c3952",
      "EVENTARC_CLOUD_EVENT_SOURCE": "projects/teamfinderapp-c3952/locations/us-central1/services/linkRiotAccount",
      "FUNCTION_TARGET": "linkRiotAccount",
      "LOG_EXECUTION_ID": "true"
    },
    "codebase": "default",
    "runServiceId": "linkriotaccount",
    "cpu": 1,
    "securityLevel": "SECURE_ALWAYS",
    "targetedByOnly": false,
    "hash": "99bd69ede8ef6fce7bfb10600cd74ac245e354e7"
  },
  "op": "update",
  "original": {
    "name": "FirebaseError",
    "children": [],
    "exit": 1,
    "message": "Could not create or update Cloud Run service linkriotaccount, Container Healthcheck failed. Revision 'linkriotaccount-00003-jij' is not ready and cannot serve traffic. The user-provided container failed to start and listen on the port defined provided by the PORT=8080 environment variable within the allocated timeout. This can happen when the container port is misconfigured or if the timeout is too short. The health check timeout can be extended. Logs for this revision might contain more information.\n\nLogs URL: https://console.cloud.google.com/logs/viewer?project=teamfinderapp-c3952&resource=cloud_run_revision/service_name/linkriotaccount/revision_name/linkriotaccount-00003-jij&advancedFilter=resource.type%3D%22cloud_run_revision%22%0Aresource.labels.service_name%3D%22linkriotaccount%22%0Aresource.labels.revision_name%3D%22linkriotaccount-00003-jij%22 \nFor more troubleshooting guidance, see https://cloud.google.com/run/docs/troubleshooting#container-failed-to-start",
    "original": {
      "code": 3,
      "message": "Could not create or update Cloud Run service linkriotaccount, Container Healthcheck failed. Revision 'linkriotaccount-00003-jij' is not ready and cannot serve traffic. The user-provided container failed to start and listen on the port defined provided by the PORT=8080 environment variable within the allocated timeout. This can happen when the container port is misconfigured or if the timeout is too short. The health check timeout can be extended. Logs for this revision might contain more information.\n\nLogs URL: https://console.cloud.google.com/logs/viewer?project=teamfinderapp-c3952&resource=cloud_run_revision/service_name/linkriotaccount/revision_name/linkriotaccount-00003-jij&advancedFilter=resource.type%3D%22cloud_run_revision%22%0Aresource.labels.service_name%3D%22linkriotaccount%22%0Aresource.labels.revision_name%3D%22linkriotaccount-00003-jij%22 \nFor more troubleshooting guidance, see https://cloud.google.com/run/docs/troubleshooting#container-failed-to-start"
    },
    "status": 3,
    "code": 3
  }
}
[debug] [2024-11-25T15:55:57.548Z] Error: Failed to update function linkRiotAccount in region us-central1
    at C:\Users\lucas\AppData\Roaming\npm\node_modules\firebase-tools\lib\deploy\functions\release\fabricator.js:399:19
    at process.processTicksAndRejections (node:internal/process/task_queues:95:5)
    at async Fabricator.updateV2Function (C:\Users\lucas\AppData\Roaming\npm\node_modules\firebase-tools\lib\deploy\functions\release\fabricator.js:388:32)
    at async Fabricator.updateEndpoint (C:\Users\lucas\AppData\Roaming\npm\node_modules\firebase-tools\lib\deploy\functions\release\fabricator.js:155:13)
    at async handle (C:\Users\lucas\AppData\Roaming\npm\node_modules\firebase-tools\lib\deploy\functions\release\fabricator.js:89:17)
[error] 
[error] Error: There was an error deploying functions
